info it worked if it ends with ok
verbose cli [ '/usr/local/bin/node',
verbose cli   '/Users/zkat/Documents/code/work/npm/bin/npm-cli.js',
verbose cli   'login',
verbose cli   '--registry',
verbose cli   'http://localhost:1337',
verbose cli   '--loglevel',
verbose cli   'silly',
verbose cli   '--userconfig',
verbose cli   '/Users/zkat/Documents/code/work/npm/test/tap/adduser-legacy-auth/_npmrc' ]
info using npm@6.4.1-next.0
info using node@v10.6.0
verbose npm-session 122d5e560febc2d7
verbose npm-session 155fa50ebb4f5f2f
verbose web login before first POST
verbose web login not supported, trying couch
verbose adduser before first PUT { _id: 'org.couchdb.user:u',
verbose adduser   name: 'u',
verbose adduser   password: 'XXXXX',
verbose adduser   email: 'u@p.me',
verbose adduser   type: 'user',
verbose adduser   roles: [],
verbose adduser   date: '2018-08-29T02:01:27.479Z' }
verbose stack Error: 409 Conflict - PUT http://localhost:1337/-/user/org.couchdb.user:u - user exists
verbose stack     at res.buffer.catch.then.body (/Users/zkat/Documents/code/work/npm-profile/lib/node_modules/npm-registry-fetch/check-response.js:100:15)
verbose stack     at process._tickCallback (internal/process/next_tick.js:68:7)
verbose statusCode 409
verbose cwd /Users/zkat/Documents/code/work/npm/test/tap
verbose Darwin 17.7.0
verbose argv "/usr/local/bin/node" "/Users/zkat/Documents/code/work/npm/bin/npm-cli.js" "login" "--registry" "http://localhost:1337" "--loglevel" "silly" "--userconfig" "/Users/zkat/Documents/code/work/npm/test/tap/adduser-legacy-auth/_npmrc"
verbose node v10.6.0
verbose npm  v6.4.1-next.0
error code E409
error 409 Conflict - PUT http://localhost:1337/-/user/org.couchdb.user:u - user exists
verbose exit [ 1, true ]
